# JRE version: OpenJDK Runtime Environment (8.0_242-b01) (build 1.8.0_242-release-1644-b01)
# Java VM: OpenJDK 64-Bit Server VM (25.242-b01 mixed mode windows-amd64 compressed oops)
Heap:
 PSYoungGen      total 177664K, used 118549K [0x00000000d5580000, 0x00000000e2480000, 0x0000000100000000)
  eden space 152064K, 66% used [0x00000000d5580000,0x00000000db8b3ef0,0x00000000dea00000)
  from space 25600K, 66% used [0x00000000dea00000,0x00000000dfa91618,0x00000000e0300000)
  to   space 26112K, 0% used [0x00000000e0b00000,0x00000000e0b00000,0x00000000e2480000)
 ParOldGen       total 233984K, used 70212K [0x0000000080000000, 0x000000008e480000, 0x00000000d5580000)
  object space 233984K, 30% used [0x0000000080000000,0x00000000844912a0,0x000000008e480000)
 Metaspace       used 106575K, capacity 111892K, committed 112280K, reserved 1146880K
  class space    used 13787K, capacity 14867K, committed 15000K, reserved 1048576K
GC Heap History (10 events):
Event: 1048.243 GC heap before
{Heap before GC invocations=25 (full 3):
 PSYoungGen      total 187392K, used 177358K [0x00000000d5580000, 0x00000000e2b80000, 0x0000000100000000)
  eden space 166400K, 100% used [0x00000000d5580000,0x00000000df800000,0x00000000df800000)
  from space 20992K, 52% used [0x00000000df800000,0x00000000e02b39a0,0x00000000e0c80000)
  to   space 19968K, 0% used [0x00000000e1800000,0x00000000e1800000,0x00000000e2b80000)
 ParOldGen       total 137728K, used 66211K [0x0000000080000000, 0x0000000088680000, 0x00000000d5580000)
  object space 137728K, 48% used [0x0000000080000000,0x00000000840a8ea8,0x0000000088680000)
 Metaspace       used 89200K, capacity 93804K, committed 93976K, reserved 1130496K
  class space    used 11580K, capacity 12547K, committed 12568K, reserved 1048576K
Event: 1048.282 GC heap after
Heap after GC invocations=25 (full 3):
 PSYoungGen      total 176640K, used 15285K [0x00000000d5580000, 0x00000000e2700000, 0x0000000100000000)
  eden space 161280K, 0% used [0x00000000d5580000,0x00000000d5580000,0x00000000df300000)
  from space 15360K, 99% used [0x00000000e1800000,0x00000000e26ed6c8,0x00000000e2700000)
  to   space 20992K, 0% used [0x00000000dfe00000,0x00000000dfe00000,0x00000000e1280000)
 ParOldGen       total 137728K, used 66219K [0x0000000080000000, 0x0000000088680000, 0x00000000d5580000)
  object space 137728K, 48% used [0x0000000080000000,0x00000000840aaea8,0x0000000088680000)
 Metaspace       used 89200K, capacity 93804K, committed 93976K, reserved 1130496K
  class space    used 11580K, capacity 12547K, committed 12568K, reserved 1048576K
}
Event: 1178.833 GC heap before
{Heap before GC invocations=26 (full 3):
 PSYoungGen      total 176640K, used 176565K [0x00000000d5580000, 0x00000000e2700000, 0x0000000100000000)
  eden space 161280K, 100% used [0x00000000d5580000,0x00000000df300000,0x00000000df300000)
  from space 15360K, 99% used [0x00000000e1800000,0x00000000e26ed6c8,0x00000000e2700000)
  to   space 20992K, 0% used [0x00000000dfe00000,0x00000000dfe00000,0x00000000e1280000)
 ParOldGen       total 137728K, used 66219K [0x0000000080000000, 0x0000000088680000, 0x00000000d5580000)
  object space 137728K, 48% used [0x0000000080000000,0x00000000840aaea8,0x0000000088680000)
 Metaspace       used 92249K, capacity 97058K, committed 97304K, reserved 1134592K
  class space    used 11949K, capacity 12974K, committed 13080K, reserved 1048576K
Event: 1178.868 GC heap after
Heap after GC invocations=26 (full 3):
 PSYoungGen      total 175104K, used 17977K [0x00000000d5580000, 0x00000000e1b80000, 0x0000000100000000)
  eden space 156672K, 0% used [0x00000000d5580000,0x00000000d5580000,0x00000000dee80000)
  from space 18432K, 97% used [0x00000000dfe00000,0x00000000e0f8e478,0x00000000e1000000)
  to   space 11776K, 0% used [0x00000000e1000000,0x00000000e1000000,0x00000000e1b80000)
 ParOldGen       total 137728K, used 66227K [0x0000000080000000, 0x0000000088680000, 0x00000000d5580000)
  object space 137728K, 48% used [0x0000000080000000,0x00000000840acea8,0x0000000088680000)
 Metaspace       used 92249K, capacity 97058K, committed 97304K, reserved 1134592K
  class space    used 11949K, capacity 12974K, committed 13080K, reserved 1048576K
}
Event: 1186.248 GC heap before
{Heap before GC invocations=27 (full 3):
 PSYoungGen      total 175104K, used 83674K [0x00000000d5580000, 0x00000000e1b80000, 0x0000000100000000)
  eden space 156672K, 41% used [0x00000000d5580000,0x00000000d95a8510,0x00000000dee80000)
  from space 18432K, 97% used [0x00000000dfe00000,0x00000000e0f8e478,0x00000000e1000000)
  to   space 11776K, 0% used [0x00000000e1000000,0x00000000e1000000,0x00000000e1b80000)
 ParOldGen       total 137728K, used 66227K [0x0000000080000000, 0x0000000088680000, 0x00000000d5580000)
  object space 137728K, 48% used [0x0000000080000000,0x00000000840acea8,0x0000000088680000)
 Metaspace       used 93682K, capacity 98518K, committed 98600K, reserved 1134592K
  class space    used 12137K, capacity 13162K, committed 13208K, reserved 1048576K
Event: 1186.277 GC heap after
Heap after GC invocations=27 (full 3):
 PSYoungGen      total 163840K, used 11760K [0x00000000d5580000, 0x00000000e1c00000, 0x0000000100000000)
  eden space 152064K, 0% used [0x00000000d5580000,0x00000000d5580000,0x00000000dea00000)
  from space 11776K, 99% used [0x00000000e1000000,0x00000000e1b7c070,0x00000000e1b80000)
  to   space 25600K, 0% used [0x00000000dea00000,0x00000000dea00000,0x00000000e0300000)
 ParOldGen       total 137728K, used 76195K [0x0000000080000000, 0x0000000088680000, 0x00000000d5580000)
  object space 137728K, 55% used [0x0000000080000000,0x0000000084a68d70,0x0000000088680000)
 Metaspace       used 93682K, capacity 98518K, committed 98600K, reserved 1134592K
  class space    used 12137K, capacity 13162K, committed 13208K, reserved 1048576K
}
Event: 1186.277 GC heap before
{Heap before GC invocations=28 (full 4):
 PSYoungGen      total 163840K, used 11760K [0x00000000d5580000, 0x00000000e1c00000, 0x0000000100000000)
  eden space 152064K, 0% used [0x00000000d5580000,0x00000000d5580000,0x00000000dea00000)
  from space 11776K, 99% used [0x00000000e1000000,0x00000000e1b7c070,0x00000000e1b80000)
  to   space 25600K, 0% used [0x00000000dea00000,0x00000000dea00000,0x00000000e0300000)
 ParOldGen       total 137728K, used 76195K [0x0000000080000000, 0x0000000088680000, 0x00000000d5580000)
  object space 137728K, 55% used [0x0000000080000000,0x0000000084a68d70,0x0000000088680000)
 Metaspace       used 93682K, capacity 98518K, committed 98600K, reserved 1134592K
  class space    used 12137K, capacity 13162K, committed 13208K, reserved 1048576K
Event: 1186.726 GC heap after
Heap after GC invocations=28 (full 4):
 PSYoungGen      total 163840K, used 0K [0x00000000d5580000, 0x00000000e1c00000, 0x0000000100000000)
  eden space 152064K, 0% used [0x00000000d5580000,0x00000000d5580000,0x00000000dea00000)
  from space 11776K, 0% used [0x00000000e1000000,0x00000000e1000000,0x00000000e1b80000)
  to   space 25600K, 0% used [0x00000000dea00000,0x00000000dea00000,0x00000000e0300000)
 ParOldGen       total 233984K, used 70204K [0x0000000080000000, 0x000000008e480000, 0x00000000d5580000)
  object space 233984K, 30% used [0x0000000080000000,0x000000008448f2a0,0x000000008e480000)
 Metaspace       used 93481K, capacity 97902K, committed 98600K, reserved 1134592K
  class space    used 12075K, capacity 13060K, committed 13208K, reserved 1048576K
}
Event: 1207.451 GC heap before
{Heap before GC invocations=29 (full 4):
 PSYoungGen      total 163840K, used 152064K [0x00000000d5580000, 0x00000000e1c00000, 0x0000000100000000)
  eden space 152064K, 100% used [0x00000000d5580000,0x00000000dea00000,0x00000000dea00000)
  from space 11776K, 0% used [0x00000000e1000000,0x00000000e1000000,0x00000000e1b80000)
  to   space 25600K, 0% used [0x00000000dea00000,0x00000000dea00000,0x00000000e0300000)
 ParOldGen       total 233984K, used 70204K [0x0000000080000000, 0x000000008e480000, 0x00000000d5580000)
  object space 233984K, 30% used [0x0000000080000000,0x000000008448f2a0,0x000000008e480000)
 Metaspace       used 101673K, capacity 106576K, committed 106904K, reserved 1142784K
  class space    used 13078K, capacity 14097K, committed 14232K, reserved 1048576K
Event: 1207.481 GC heap after
Heap after GC invocations=29 (full 4):
 PSYoungGen      total 177664K, used 16965K [0x00000000d5580000, 0x00000000e2480000, 0x0000000100000000)
  eden space 152064K, 0% used [0x00000000d5580000,0x00000000d5580000,0x00000000dea00000)
  from space 25600K, 66% used [0x00000000dea00000,0x00000000dfa91618,0x00000000e0300000)
  to   space 26112K, 0% used [0x00000000e0b00000,0x00000000e0b00000,0x00000000e2480000)
 ParOldGen       total 233984K, used 70212K [0x0000000080000000, 0x000000008e480000, 0x00000000d5580000)
  object space 233984K, 30% used [0x0000000080000000,0x00000000844912a0,0x000000008e480000)
 Metaspace       used 101673K, capacity 106576K, committed 106904K, reserved 1142784K
  class space    used 13078K, capacity 14097K, committed 14232K, reserved 1048576K
}

