# JRE version: OpenJDK Runtime Environment (8.0_242-b01) (build 1.8.0_242-release-1644-b01)
# Java VM: OpenJDK 64-Bit Server VM (25.242-b01 mixed mode windows-amd64 compressed oops)
Heap:
 PSYoungGen      total 600064K, used 340511K [0x00000000d5580000, 0x00000000ff480000, 0x0000000100000000)
  eden space 581632K, 58% used [0x00000000d5580000,0x00000000ea207c10,0x00000000f8d80000)
  from space 18432K, 0% used [0x00000000fe280000,0x00000000fe280000,0x00000000ff480000)
  to   space 45568K, 0% used [0x00000000f9b80000,0x00000000f9b80000,0x00000000fc800000)
 ParOldGen       total 136192K, used 59723K [0x0000000080000000, 0x0000000088500000, 0x00000000d5580000)
  object space 136192K, 43% used [0x0000000080000000,0x0000000083a52e30,0x0000000088500000)
 Metaspace       used 111874K, capacity 117132K, committed 118824K, reserved 1153024K
  class space    used 14173K, capacity 15217K, committed 15664K, reserved 1048576K
GC Heap History (10 events):
Event: 301.851 GC heap before
{Heap before GC invocations=31 (full 4):
 PSYoungGen      total 668160K, used 654419K [0x00000000d5580000, 0x00000000ffd00000, 0x0000000100000000)
  eden space 643584K, 100% used [0x00000000d5580000,0x00000000fca00000,0x00000000fca00000)
  from space 24576K, 44% used [0x00000000fe500000,0x00000000fef94d98,0x00000000ffd00000)
  to   space 26112K, 0% used [0x00000000fca00000,0x00000000fca00000,0x00000000fe380000)
 ParOldGen       total 152064K, used 109302K [0x0000000080000000, 0x0000000089480000, 0x00000000d5580000)
  object space 152064K, 71% used [0x0000000080000000,0x0000000086abdba0,0x0000000089480000)
 Metaspace       used 91363K, capacity 95330K, committed 96552K, reserved 1132544K
  class space    used 11935K, capacity 12735K, committed 13104K, reserved 1048576K
Event: 301.885 GC heap after
Heap after GC invocations=31 (full 4):
 PSYoungGen      total 669696K, used 10520K [0x00000000d5580000, 0x00000000ffe80000, 0x0000000100000000)
  eden space 643584K, 0% used [0x00000000d5580000,0x00000000d5580000,0x00000000fca00000)
  from space 26112K, 40% used [0x00000000fca00000,0x00000000fd446008,0x00000000fe380000)
  to   space 24576K, 0% used [0x00000000fe680000,0x00000000fe680000,0x00000000ffe80000)
 ParOldGen       total 152064K, used 110981K [0x0000000080000000, 0x0000000089480000, 0x00000000d5580000)
  object space 152064K, 72% used [0x0000000080000000,0x0000000086c61400,0x0000000089480000)
 Metaspace       used 91363K, capacity 95330K, committed 96552K, reserved 1132544K
  class space    used 11935K, capacity 12735K, committed 13104K, reserved 1048576K
}
Event: 307.680 GC heap before
{Heap before GC invocations=32 (full 4):
 PSYoungGen      total 669696K, used 654104K [0x00000000d5580000, 0x00000000ffe80000, 0x0000000100000000)
  eden space 643584K, 100% used [0x00000000d5580000,0x00000000fca00000,0x00000000fca00000)
  from space 26112K, 40% used [0x00000000fca00000,0x00000000fd446008,0x00000000fe380000)
  to   space 24576K, 0% used [0x00000000fe680000,0x00000000fe680000,0x00000000ffe80000)
 ParOldGen       total 152064K, used 110981K [0x0000000080000000, 0x0000000089480000, 0x00000000d5580000)
  object space 152064K, 72% used [0x0000000080000000,0x0000000086c61400,0x0000000089480000)
 Metaspace       used 91811K, capacity 95882K, committed 97064K, reserved 1132544K
  class space    used 11984K, capacity 12781K, committed 13104K, reserved 1048576K
Event: 307.718 GC heap after
Heap after GC invocations=32 (full 4):
 PSYoungGen      total 663040K, used 24555K [0x00000000d5580000, 0x0000000100000000, 0x0000000100000000)
  eden space 638464K, 0% used [0x00000000d5580000,0x00000000d5580000,0x00000000fc500000)
  from space 24576K, 99% used [0x00000000fe680000,0x00000000ffe7ae78,0x00000000ffe80000)
  to   space 30208K, 0% used [0x00000000fc500000,0x00000000fc500000,0x00000000fe280000)
 ParOldGen       total 152064K, used 115485K [0x0000000080000000, 0x0000000089480000, 0x00000000d5580000)
  object space 152064K, 75% used [0x0000000080000000,0x00000000870c75d0,0x0000000089480000)
 Metaspace       used 91811K, capacity 95882K, committed 97064K, reserved 1132544K
  class space    used 11984K, capacity 12781K, committed 13104K, reserved 1048576K
}
Event: 1367.441 GC heap before
{Heap before GC invocations=33 (full 4):
 PSYoungGen      total 663040K, used 663019K [0x00000000d5580000, 0x0000000100000000, 0x0000000100000000)
  eden space 638464K, 100% used [0x00000000d5580000,0x00000000fc500000,0x00000000fc500000)
  from space 24576K, 99% used [0x00000000fe680000,0x00000000ffe7ae78,0x00000000ffe80000)
  to   space 30208K, 0% used [0x00000000fc500000,0x00000000fc500000,0x00000000fe280000)
 ParOldGen       total 152064K, used 115485K [0x0000000080000000, 0x0000000089480000, 0x00000000d5580000)
  object space 152064K, 75% used [0x0000000080000000,0x00000000870c75d0,0x0000000089480000)
 Metaspace       used 103474K, capacity 108464K, committed 108584K, reserved 1142784K
  class space    used 13293K, capacity 14297K, committed 14384K, reserved 1048576K
Event: 1367.607 GC heap after
Heap after GC invocations=33 (full 4):
 PSYoungGen      total 639488K, used 30197K [0x00000000d5580000, 0x00000000ff480000, 0x0000000100000000)
  eden space 609280K, 0% used [0x00000000d5580000,0x00000000d5580000,0x00000000fa880000)
  from space 30208K, 99% used [0x00000000fc500000,0x00000000fe27d4d8,0x00000000fe280000)
  to   space 18432K, 0% used [0x00000000fe280000,0x00000000fe280000,0x00000000ff480000)
 ParOldGen       total 152064K, used 126643K [0x0000000080000000, 0x0000000089480000, 0x00000000d5580000)
  object space 152064K, 83% used [0x0000000080000000,0x0000000087bacc80,0x0000000089480000)
 Metaspace       used 103474K, capacity 108464K, committed 108584K, reserved 1142784K
  class space    used 13293K, capacity 14297K, committed 14384K, reserved 1048576K
}
Event: 6664.800 GC heap before
{Heap before GC invocations=34 (full 4):
 PSYoungGen      total 639488K, used 639477K [0x00000000d5580000, 0x00000000ff480000, 0x0000000100000000)
  eden space 609280K, 100% used [0x00000000d5580000,0x00000000fa880000,0x00000000fa880000)
  from space 30208K, 99% used [0x00000000fc500000,0x00000000fe27d4d8,0x00000000fe280000)
  to   space 18432K, 0% used [0x00000000fe280000,0x00000000fe280000,0x00000000ff480000)
 ParOldGen       total 152064K, used 126643K [0x0000000080000000, 0x0000000089480000, 0x00000000d5580000)
  object space 152064K, 83% used [0x0000000080000000,0x0000000087bacc80,0x0000000089480000)
 Metaspace       used 112704K, capacity 118720K, committed 118824K, reserved 1153024K
  class space    used 14385K, capacity 15585K, committed 15664K, reserved 1048576K
Event: 6687.176 GC heap after
Heap after GC invocations=34 (full 4):
 PSYoungGen      total 600064K, used 18423K [0x00000000d5580000, 0x00000000ff480000, 0x0000000100000000)
  eden space 581632K, 0% used [0x00000000d5580000,0x00000000d5580000,0x00000000f8d80000)
  from space 18432K, 99% used [0x00000000fe280000,0x00000000ff47dc58,0x00000000ff480000)
  to   space 45568K, 0% used [0x00000000f9b80000,0x00000000f9b80000,0x00000000fc800000)
 ParOldGen       total 152064K, used 146771K [0x0000000080000000, 0x0000000089480000, 0x00000000d5580000)
  object space 152064K, 96% used [0x0000000080000000,0x0000000088f54fd8,0x0000000089480000)
 Metaspace       used 112704K, capacity 118720K, committed 118824K, reserved 1153024K
  class space    used 14385K, capacity 15585K, committed 15664K, reserved 1048576K
}
Event: 6687.176 GC heap before
{Heap before GC invocations=35 (full 5):
 PSYoungGen      total 600064K, used 18423K [0x00000000d5580000, 0x00000000ff480000, 0x0000000100000000)
  eden space 581632K, 0% used [0x00000000d5580000,0x00000000d5580000,0x00000000f8d80000)
  from space 18432K, 99% used [0x00000000fe280000,0x00000000ff47dc58,0x00000000ff480000)
  to   space 45568K, 0% used [0x00000000f9b80000,0x00000000f9b80000,0x00000000fc800000)
 ParOldGen       total 152064K, used 146771K [0x0000000080000000, 0x0000000089480000, 0x00000000d5580000)
  object space 152064K, 96% used [0x0000000080000000,0x0000000088f54fd8,0x0000000089480000)
 Metaspace       used 112704K, capacity 118720K, committed 118824K, reserved 1153024K
  class space    used 14385K, capacity 15585K, committed 15664K, reserved 1048576K
Event: 6714.097 GC heap after
Heap after GC invocations=35 (full 5):
 PSYoungGen      total 600064K, used 0K [0x00000000d5580000, 0x00000000ff480000, 0x0000000100000000)
  eden space 581632K, 0% used [0x00000000d5580000,0x00000000d5580000,0x00000000f8d80000)
  from space 18432K, 0% used [0x00000000fe280000,0x00000000fe280000,0x00000000ff480000)
  to   space 45568K, 0% used [0x00000000f9b80000,0x00000000f9b80000,0x00000000fc800000)
 ParOldGen       total 136192K, used 59723K [0x0000000080000000, 0x0000000088500000, 0x00000000d5580000)
  object space 136192K, 43% used [0x0000000080000000,0x0000000083a52e30,0x0000000088500000)
 Metaspace       used 110565K, capacity 115172K, committed 118824K, reserved 1153024K
  class space    used 13988K, capacity 14893K, committed 15664K, reserved 1048576K
}

