# JRE version: OpenJDK Runtime Environment (8.0_242-b01) (build 1.8.0_242-release-1644-b01)
# Java VM: OpenJDK 64-Bit Server VM (25.242-b01 mixed mode windows-amd64 compressed oops)
Heap:
 PSYoungGen      total 157184K, used 19304K [0x00000000d5580000, 0x00000000e4080000, 0x0000000100000000)
  eden space 143360K, 3% used [0x00000000d5580000,0x00000000d5addaf0,0x00000000de180000)
  from space 13824K, 99% used [0x00000000de180000,0x00000000deefc830,0x00000000def00000)
  to   space 18944K, 0% used [0x00000000e2e00000,0x00000000e2e00000,0x00000000e4080000)
 ParOldGen       total 61440K, used 22757K [0x0000000080000000, 0x0000000083c00000, 0x00000000d5580000)
  object space 61440K, 37% used [0x0000000080000000,0x0000000081639788,0x0000000083c00000)
 Metaspace       used 53709K, capacity 55632K, committed 55728K, reserved 1097728K
  class space    used 7300K, capacity 7796K, committed 7856K, reserved 1048576K
GC Heap History (10 events):
Event: 42.139 GC heap before
{Heap before GC invocations=11 (full 1):
 PSYoungGen      total 73216K, used 70543K [0x00000000d5580000, 0x00000000dca80000, 0x0000000100000000)
  eden space 61952K, 100% used [0x00000000d5580000,0x00000000d9200000,0x00000000d9200000)
  from space 11264K, 76% used [0x00000000d9200000,0x00000000d9a63e40,0x00000000d9d00000)
  to   space 11776K, 0% used [0x00000000dbf00000,0x00000000dbf00000,0x00000000dca80000)
 ParOldGen       total 46592K, used 6968K [0x0000000080000000, 0x0000000082d80000, 0x00000000d5580000)
  object space 46592K, 14% used [0x0000000080000000,0x00000000806ce070,0x0000000082d80000)
 Metaspace       used 33517K, capacity 34368K, committed 34608K, reserved 1079296K
  class space    used 4610K, capacity 4871K, committed 4912K, reserved 1048576K
Event: 42.171 GC heap after
Heap after GC invocations=11 (full 1):
 PSYoungGen      total 107008K, used 8094K [0x00000000d5580000, 0x00000000dca00000, 0x0000000100000000)
  eden space 95744K, 0% used [0x00000000d5580000,0x00000000d5580000,0x00000000db300000)
  from space 11264K, 71% used [0x00000000dbf00000,0x00000000dc6e7bd8,0x00000000dca00000)
  to   space 11776K, 0% used [0x00000000db300000,0x00000000db300000,0x00000000dbe80000)
 ParOldGen       total 46592K, used 7617K [0x0000000080000000, 0x0000000082d80000, 0x00000000d5580000)
  object space 46592K, 16% used [0x0000000080000000,0x00000000807707a0,0x0000000082d80000)
 Metaspace       used 33517K, capacity 34368K, committed 34608K, reserved 1079296K
  class space    used 4610K, capacity 4871K, committed 4912K, reserved 1048576K
}
Event: 43.117 GC heap before
{Heap before GC invocations=12 (full 1):
 PSYoungGen      total 107008K, used 29553K [0x00000000d5580000, 0x00000000dca00000, 0x0000000100000000)
  eden space 95744K, 22% used [0x00000000d5580000,0x00000000d6a74830,0x00000000db300000)
  from space 11264K, 71% used [0x00000000dbf00000,0x00000000dc6e7bd8,0x00000000dca00000)
  to   space 11776K, 0% used [0x00000000db300000,0x00000000db300000,0x00000000dbe80000)
 ParOldGen       total 46592K, used 7617K [0x0000000080000000, 0x0000000082d80000, 0x00000000d5580000)
  object space 46592K, 16% used [0x0000000080000000,0x00000000807707a0,0x0000000082d80000)
 Metaspace       used 34580K, capacity 35464K, committed 35496K, reserved 1079296K
  class space    used 4753K, capacity 5035K, committed 5040K, reserved 1048576K
Event: 43.128 GC heap after
Heap after GC invocations=12 (full 1):
 PSYoungGen      total 107520K, used 1421K [0x00000000d5580000, 0x00000000dfd00000, 0x0000000100000000)
  eden space 95744K, 0% used [0x00000000d5580000,0x00000000d5580000,0x00000000db300000)
  from space 11776K, 12% used [0x00000000db300000,0x00000000db463700,0x00000000dbe80000)
  to   space 12288K, 0% used [0x00000000df100000,0x00000000df100000,0x00000000dfd00000)
 ParOldGen       total 46592K, used 13094K [0x0000000080000000, 0x0000000082d80000, 0x00000000d5580000)
  object space 46592K, 28% used [0x0000000080000000,0x0000000080cc9800,0x0000000082d80000)
 Metaspace       used 34580K, capacity 35464K, committed 35496K, reserved 1079296K
  class space    used 4753K, capacity 5035K, committed 5040K, reserved 1048576K
}
Event: 43.128 GC heap before
{Heap before GC invocations=13 (full 2):
 PSYoungGen      total 107520K, used 1421K [0x00000000d5580000, 0x00000000dfd00000, 0x0000000100000000)
  eden space 95744K, 0% used [0x00000000d5580000,0x00000000d5580000,0x00000000db300000)
  from space 11776K, 12% used [0x00000000db300000,0x00000000db463700,0x00000000dbe80000)
  to   space 12288K, 0% used [0x00000000df100000,0x00000000df100000,0x00000000dfd00000)
 ParOldGen       total 46592K, used 13094K [0x0000000080000000, 0x0000000082d80000, 0x00000000d5580000)
  object space 46592K, 28% used [0x0000000080000000,0x0000000080cc9800,0x0000000082d80000)
 Metaspace       used 34580K, capacity 35464K, committed 35496K, reserved 1079296K
  class space    used 4753K, capacity 5035K, committed 5040K, reserved 1048576K
Event: 43.336 GC heap after
Heap after GC invocations=13 (full 2):
 PSYoungGen      total 107520K, used 0K [0x00000000d5580000, 0x00000000dfd00000, 0x0000000100000000)
  eden space 95744K, 0% used [0x00000000d5580000,0x00000000d5580000,0x00000000db300000)
  from space 11776K, 0% used [0x00000000db300000,0x00000000db300000,0x00000000dbe80000)
  to   space 12288K, 0% used [0x00000000df100000,0x00000000df100000,0x00000000dfd00000)
 ParOldGen       total 61440K, used 14186K [0x0000000080000000, 0x0000000083c00000, 0x00000000d5580000)
  object space 61440K, 23% used [0x0000000080000000,0x0000000080dda8f0,0x0000000083c00000)
 Metaspace       used 34580K, capacity 35464K, committed 35496K, reserved 1079296K
  class space    used 4753K, capacity 5035K, committed 5040K, reserved 1048576K
}
Event: 62.997 GC heap before
{Heap before GC invocations=14 (full 2):
 PSYoungGen      total 107520K, used 95744K [0x00000000d5580000, 0x00000000dfd00000, 0x0000000100000000)
  eden space 95744K, 100% used [0x00000000d5580000,0x00000000db300000,0x00000000db300000)
  from space 11776K, 0% used [0x00000000db300000,0x00000000db300000,0x00000000dbe80000)
  to   space 12288K, 0% used [0x00000000df100000,0x00000000df100000,0x00000000dfd00000)
 ParOldGen       total 61440K, used 14186K [0x0000000080000000, 0x0000000083c00000, 0x00000000d5580000)
  object space 61440K, 23% used [0x0000000080000000,0x0000000080dda8f0,0x0000000083c00000)
 Metaspace       used 42712K, capacity 44102K, committed 44336K, reserved 1087488K
  class space    used 5772K, capacity 6157K, committed 6192K, reserved 1048576K
Event: 63.018 GC heap after
Heap after GC invocations=14 (full 2):
 PSYoungGen      total 152576K, used 11378K [0x00000000d5580000, 0x00000000dfc80000, 0x0000000100000000)
  eden space 140800K, 0% used [0x00000000d5580000,0x00000000d5580000,0x00000000ddf00000)
  from space 11776K, 96% used [0x00000000df100000,0x00000000dfc1c930,0x00000000dfc80000)
  to   space 13824K, 0% used [0x00000000de180000,0x00000000de180000,0x00000000def00000)
 ParOldGen       total 61440K, used 14194K [0x0000000080000000, 0x0000000083c00000, 0x00000000d5580000)
  object space 61440K, 23% used [0x0000000080000000,0x0000000080ddc8f0,0x0000000083c00000)
 Metaspace       used 42712K, capacity 44102K, committed 44336K, reserved 1087488K
  class space    used 5772K, capacity 6157K, committed 6192K, reserved 1048576K
}
Event: 83.656 GC heap before
{Heap before GC invocations=15 (full 2):
 PSYoungGen      total 152576K, used 152178K [0x00000000d5580000, 0x00000000dfc80000, 0x0000000100000000)
  eden space 140800K, 100% used [0x00000000d5580000,0x00000000ddf00000,0x00000000ddf00000)
  from space 11776K, 96% used [0x00000000df100000,0x00000000dfc1c930,0x00000000dfc80000)
  to   space 13824K, 0% used [0x00000000de180000,0x00000000de180000,0x00000000def00000)
 ParOldGen       total 61440K, used 14194K [0x0000000080000000, 0x0000000083c00000, 0x00000000d5580000)
  object space 61440K, 23% used [0x0000000080000000,0x0000000080ddc8f0,0x0000000083c00000)
 Metaspace       used 53648K, capacity 55562K, committed 55728K, reserved 1097728K
  class space    used 7295K, capacity 7794K, committed 7856K, reserved 1048576K
Event: 83.692 GC heap after
Heap after GC invocations=15 (full 2):
 PSYoungGen      total 157184K, used 13810K [0x00000000d5580000, 0x00000000e4080000, 0x0000000100000000)
  eden space 143360K, 0% used [0x00000000d5580000,0x00000000d5580000,0x00000000de180000)
  from space 13824K, 99% used [0x00000000de180000,0x00000000deefc830,0x00000000def00000)
  to   space 18944K, 0% used [0x00000000e2e00000,0x00000000e2e00000,0x00000000e4080000)
 ParOldGen       total 61440K, used 22757K [0x0000000080000000, 0x0000000083c00000, 0x00000000d5580000)
  object space 61440K, 37% used [0x0000000080000000,0x0000000081639788,0x0000000083c00000)
 Metaspace       used 53648K, capacity 55562K, committed 55728K, reserved 1097728K
  class space    used 7295K, capacity 7794K, committed 7856K, reserved 1048576K
}

